{
  "stats": {
    "suites": 1,
    "tests": 1,
    "passes": 0,
    "pending": 0,
    "failures": 1,
    "start": "2024-08-28T05:51:51.028Z",
    "end": "2024-08-28T05:51:51.295Z",
    "duration": 267,
    "testsRegistered": 1,
    "passPercent": 0,
    "pendingPercent": 0,
    "other": 0,
    "hasOther": false,
    "skipped": 0,
    "hasSkipped": false
  },
  "results": [
    {
      "uuid": "9277123c-36b4-497b-9076-dc0c601c1c9b",
      "title": "",
      "fullFile": "cypress\\e2e\\failed.cy.js",
      "file": "cypress\\e2e\\failed.cy.js",
      "beforeHooks": [],
      "afterHooks": [],
      "tests": [],
      "suites": [
        {
          "uuid": "6f1706f4-0d7b-4aa1-93ba-407e99ae660f",
          "title": "Failed E2E Test",
          "fullFile": "",
          "file": "",
          "beforeHooks": [],
          "afterHooks": [],
          "tests": [
            {
              "title": "should fail",
              "fullTitle": "Failed E2E Test should fail",
              "timedOut": null,
              "duration": 225,
              "state": "failed",
              "speed": null,
              "pass": false,
              "fail": true,
              "pending": false,
              "context": null,
              "code": "expect(true).toBe(false);",
              "err": {
                "message": "Error: Invalid Chai property: toBe. Did you mean \"to\"?",
                "estack": "Error: Invalid Chai property: toBe. Did you mean \"to\"?\n    at Object.proxyGetter [as get] (http://localhost:56710/__cypress/runner/cypress_runner.js:78754:17)\nFrom Your Spec Code:\n    at Context.eval (webpack://cy-report-slack/./cypress/e2e/failed.cy.js:3:4)",
                "diff": null
              },
              "uuid": "33ebe138-fed7-4bb6-b3cf-da6feb9e6fa6",
              "parentUUID": "6f1706f4-0d7b-4aa1-93ba-407e99ae660f",
              "isHook": false,
              "skipped": false
            }
          ],
          "suites": [],
          "passes": [],
          "failures": [
            "33ebe138-fed7-4bb6-b3cf-da6feb9e6fa6"
          ],
          "pending": [],
          "skipped": [],
          "duration": 225,
          "root": false,
          "rootEmpty": false,
          "_timeout": 2000
        }
      ],
      "passes": [],
      "failures": [],
      "pending": [],
      "skipped": [],
      "duration": 0,
      "root": true,
      "rootEmpty": true,
      "_timeout": 2000
    }
  ],
  "meta": {
    "mocha": {
      "version": "7.0.1"
    },
    "mochawesome": {
      "options": {
        "quiet": false,
        "reportFilename": "results",
        "saveHtml": false,
        "saveJson": true,
        "consoleReporter": "spec",
        "useInlineDiffs": false,
        "code": true
      },
      "version": "7.1.3"
    },
    "marge": {
      "options": {
        "reportDir": "cypress/results",
        "reportFilename": "results",
        "overwrite": false,
        "html": false,
        "json": true
      },
      "version": "6.2.0"
    }
  }
}